<?xml version="1.0" encoding="UTF-8"?>
<testsuite xmlns:xsi="http://www.w3.org/2001/XMLSchema-instance" xsi:noNamespaceSchemaLocation="https://maven.apache.org/surefire/maven-surefire-plugin/xsd/surefire-test-report.xsd" name="com.digpro.codetest.backend.util.SimpleParserImplTest" time="0.183" tests="4" errors="0" skipped="0" failures="0">
  <properties>
    <property name="sun.desktop" value="gnome"/>
    <property name="awt.toolkit" value="sun.awt.X11.XToolkit"/>
    <property name="java.specification.version" value="11"/>
    <property name="sun.cpu.isalist" value=""/>
    <property name="sun.jnu.encoding" value="UTF-8"/>
    <property name="java.class.path" value="/home/mutaz/source_code/eclipse/workspaces/sccp/digpro/target/test-classes:/home/mutaz/source_code/eclipse/workspaces/sccp/digpro/target/classes:/opt/.m2/repository/org/springframework/boot/spring-boot-starter/2.0.6.RELEASE/spring-boot-starter-2.0.6.RELEASE.jar:/opt/.m2/repository/org/springframework/boot/spring-boot/2.0.6.RELEASE/spring-boot-2.0.6.RELEASE.jar:/opt/.m2/repository/org/springframework/spring-context/5.0.10.RELEASE/spring-context-5.0.10.RELEASE.jar:/opt/.m2/repository/org/springframework/spring-aop/5.0.10.RELEASE/spring-aop-5.0.10.RELEASE.jar:/opt/.m2/repository/org/springframework/spring-beans/5.0.10.RELEASE/spring-beans-5.0.10.RELEASE.jar:/opt/.m2/repository/org/springframework/spring-expression/5.0.10.RELEASE/spring-expression-5.0.10.RELEASE.jar:/opt/.m2/repository/org/springframework/boot/spring-boot-autoconfigure/2.0.6.RELEASE/spring-boot-autoconfigure-2.0.6.RELEASE.jar:/opt/.m2/repository/org/springframework/boot/spring-boot-starter-logging/2.0.6.RELEASE/spring-boot-starter-logging-2.0.6.RELEASE.jar:/opt/.m2/repository/ch/qos/logback/logback-classic/1.2.3/logback-classic-1.2.3.jar:/opt/.m2/repository/ch/qos/logback/logback-core/1.2.3/logback-core-1.2.3.jar:/opt/.m2/repository/org/apache/logging/log4j/log4j-to-slf4j/2.10.0/log4j-to-slf4j-2.10.0.jar:/opt/.m2/repository/org/apache/logging/log4j/log4j-api/2.10.0/log4j-api-2.10.0.jar:/opt/.m2/repository/org/slf4j/jul-to-slf4j/1.7.25/jul-to-slf4j-1.7.25.jar:/opt/.m2/repository/javax/annotation/javax.annotation-api/1.3.2/javax.annotation-api-1.3.2.jar:/opt/.m2/repository/org/springframework/spring-core/5.0.10.RELEASE/spring-core-5.0.10.RELEASE.jar:/opt/.m2/repository/org/springframework/spring-jcl/5.0.10.RELEASE/spring-jcl-5.0.10.RELEASE.jar:/opt/.m2/repository/org/yaml/snakeyaml/1.19/snakeyaml-1.19.jar:/opt/.m2/repository/org/springframework/boot/spring-boot-starter-test/2.0.6.RELEASE/spring-boot-starter-test-2.0.6.RELEASE.jar:/opt/.m2/repository/org/springframework/boot/spring-boot-test/2.0.6.RELEASE/spring-boot-test-2.0.6.RELEASE.jar:/opt/.m2/repository/org/springframework/boot/spring-boot-test-autoconfigure/2.0.6.RELEASE/spring-boot-test-autoconfigure-2.0.6.RELEASE.jar:/opt/.m2/repository/com/jayway/jsonpath/json-path/2.4.0/json-path-2.4.0.jar:/opt/.m2/repository/net/minidev/json-smart/2.3/json-smart-2.3.jar:/opt/.m2/repository/net/minidev/accessors-smart/1.2/accessors-smart-1.2.jar:/opt/.m2/repository/org/ow2/asm/asm/5.0.4/asm-5.0.4.jar:/opt/.m2/repository/org/slf4j/slf4j-api/1.7.25/slf4j-api-1.7.25.jar:/opt/.m2/repository/junit/junit/4.12/junit-4.12.jar:/opt/.m2/repository/org/assertj/assertj-core/3.9.1/assertj-core-3.9.1.jar:/opt/.m2/repository/org/hamcrest/hamcrest-core/1.3/hamcrest-core-1.3.jar:/opt/.m2/repository/org/hamcrest/hamcrest-library/1.3/hamcrest-library-1.3.jar:/opt/.m2/repository/org/skyscreamer/jsonassert/1.5.0/jsonassert-1.5.0.jar:/opt/.m2/repository/com/vaadin/external/google/android-json/0.0.20131108.vaadin1/android-json-0.0.20131108.vaadin1.jar:/opt/.m2/repository/org/springframework/spring-test/5.0.10.RELEASE/spring-test-5.0.10.RELEASE.jar:/opt/.m2/repository/org/xmlunit/xmlunit-core/2.5.1/xmlunit-core-2.5.1.jar:/opt/.m2/repository/org/springframework/boot/spring-boot-devtools/2.0.6.RELEASE/spring-boot-devtools-2.0.6.RELEASE.jar:/opt/.m2/repository/org/joinfaces/adminfaces-spring-boot-starter/3.2.6/adminfaces-spring-boot-starter-3.2.6.jar:/opt/.m2/repository/org/joinfaces/primefaces-spring-boot-starter/3.2.6/primefaces-spring-boot-starter-3.2.6.jar:/opt/.m2/repository/org/joinfaces/jsf-spring-boot-starter/3.2.6/jsf-spring-boot-starter-3.2.6.jar:/opt/.m2/repository/org/springframework/spring-web/5.0.10.RELEASE/spring-web-5.0.10.RELEASE.jar:/opt/.m2/repository/org/joinfaces/tomcat-spring-boot-starter/3.2.6/tomcat-spring-boot-starter-3.2.6.jar:/opt/.m2/repository/org/springframework/boot/spring-boot-starter-tomcat/2.0.6.RELEASE/spring-boot-starter-tomcat-2.0.6.RELEASE.jar:/opt/.m2/repository/org/apache/tomcat/embed/tomcat-embed-core/8.5.34/tomcat-embed-core-8.5.34.jar:/opt/.m2/repository/org/apache/tomcat/embed/tomcat-embed-el/8.5.34/tomcat-embed-el-8.5.34.jar:/opt/.m2/repository/org/apache/tomcat/embed/tomcat-embed-websocket/8.5.34/tomcat-embed-websocket-8.5.34.jar:/opt/.m2/repository/org/apache/tomcat/embed/tomcat-embed-jasper/8.5.34/tomcat-embed-jasper-8.5.34.jar:/opt/.m2/repository/org/eclipse/jdt/ecj/3.12.3/ecj-3.12.3.jar:/opt/.m2/repository/org/joinfaces/mojarra-spring-boot-starter/3.2.6/mojarra-spring-boot-starter-3.2.6.jar:/opt/.m2/repository/org/glassfish/javax.faces/2.3.4/javax.faces-2.3.4.jar:/opt/.m2/repository/org/joinfaces/joinfaces-autoconfigure/3.2.6/joinfaces-autoconfigure-3.2.6.jar:/opt/.m2/repository/org/joinfaces/spring-security-jsf-taglib/3.2.6/spring-security-jsf-taglib-3.2.6.jar:/opt/.m2/repository/org/springframework/security/spring-security-taglibs/5.0.9.RELEASE/spring-security-taglibs-5.0.9.RELEASE.jar:/opt/.m2/repository/org/reflections/reflections/0.9.11/reflections-0.9.11.jar:/opt/.m2/repository/com/google/guava/guava/20.0/guava-20.0.jar:/opt/.m2/repository/org/javassist/javassist/3.21.0-GA/javassist-3.21.0-GA.jar:/opt/.m2/repository/org/primefaces/primefaces/7.0/primefaces-7.0.jar:/opt/.m2/repository/org/primefaces/extensions/primefaces-extensions/6.2.9/primefaces-extensions-6.2.9.jar:/opt/.m2/repository/com/google/code/gson/gson/2.8.5/gson-2.8.5.jar:/opt/.m2/repository/org/apache/commons/commons-lang3/3.7/commons-lang3-3.7.jar:/opt/.m2/repository/org/primefaces/extensions/resources-ckeditor/6.2.9/resources-ckeditor-6.2.9.jar:/opt/.m2/repository/commons-io/commons-io/2.6/commons-io-2.6.jar:/opt/.m2/repository/org/joinfaces/omnifaces1-spring-boot-starter/3.2.6/omnifaces1-spring-boot-starter-3.2.6.jar:/opt/.m2/repository/org/omnifaces/omnifaces/1.14.1/omnifaces-1.14.1.jar:/opt/.m2/repository/com/github/adminfaces/admin-template/1.0.2/admin-template-1.0.2.jar:/opt/.m2/repository/com/github/adminfaces/admin-theme/1.0.2/admin-theme-1.0.2.jar:/opt/.m2/repository/org/hibernate/javax/persistence/hibernate-jpa-2.1-api/1.0.2.Final/hibernate-jpa-2.1-api-1.0.2.Final.jar:/opt/.m2/repository/javax/ejb/javax.ejb-api/3.2.2/javax.ejb-api-3.2.2.jar:/opt/.m2/repository/javax/transaction/javax.transaction-api/1.2/javax.transaction-api-1.2.jar:/opt/.m2/repository/javax/enterprise/cdi-api/2.0/cdi-api-2.0.jar:/opt/.m2/repository/javax/interceptor/javax.interceptor-api/1.2/javax.interceptor-api-1.2.jar:/opt/.m2/repository/javax/inject/javax.inject/1/javax.inject-1.jar:/opt/.m2/repository/jstl/jstl/1.2/jstl-1.2.jar:/opt/.m2/repository/com/squareup/okhttp3/okhttp/4.9.0/okhttp-4.9.0.jar:/opt/.m2/repository/com/squareup/okio/okio/2.8.0/okio-2.8.0.jar:/opt/.m2/repository/org/jetbrains/kotlin/kotlin-stdlib/1.3.70/kotlin-stdlib-1.3.70.jar:/opt/.m2/repository/org/jetbrains/kotlin/kotlin-stdlib-common/1.3.70/kotlin-stdlib-common-1.3.70.jar:/opt/.m2/repository/org/jetbrains/annotations/13.0/annotations-13.0.jar:/opt/.m2/repository/com/squareup/okhttp3/mockwebserver/4.9.0/mockwebserver-4.9.0.jar:/opt/.m2/repository/org/jetbrains/kotlin/kotlin-stdlib-jdk8/1.2.51/kotlin-stdlib-jdk8-1.2.51.jar:/opt/.m2/repository/org/jetbrains/kotlin/kotlin-stdlib-jdk7/1.2.51/kotlin-stdlib-jdk7-1.2.51.jar:/opt/.m2/repository/org/mockito/mockito-core/2.22.0/mockito-core-2.22.0.jar:/opt/.m2/repository/net/bytebuddy/byte-buddy/1.7.11/byte-buddy-1.7.11.jar:/opt/.m2/repository/net/bytebuddy/byte-buddy-agent/1.7.11/byte-buddy-agent-1.7.11.jar:/opt/.m2/repository/org/objenesis/objenesis/2.6/objenesis-2.6.jar:/opt/.m2/repository/javax/validation/validation-api/2.0.1.Final/validation-api-2.0.1.Final.jar:/opt/.m2/repository/javax/xml/bind/jaxb-api/2.3.0/jaxb-api-2.3.0.jar:/opt/.m2/repository/com/google/code/findbugs/annotations/3.0.1u2/annotations-3.0.1u2.jar:/opt/.m2/repository/net/jcip/jcip-annotations/1.0/jcip-annotations-1.0.jar:/opt/.m2/repository/com/google/code/findbugs/jsr305/3.0.1/jsr305-3.0.1.jar:"/>
    <property name="java.vm.vendor" value="AdoptOpenJDK"/>
    <property name="sun.arch.data.model" value="64"/>
    <property name="java.vendor.url" value="https://adoptopenjdk.net/"/>
    <property name="user.timezone" value=""/>
    <property name="java.vm.specification.version" value="11"/>
    <property name="os.name" value="Linux"/>
    <property name="sun.java.launcher" value="SUN_STANDARD"/>
    <property name="user.country" value="US"/>
    <property name="sun.boot.library.path" value="/home/mutaz/programs/java/jdk-11.0.9+11/lib"/>
    <property name="sun.java.command" value="/home/mutaz/source_code/eclipse/workspaces/sccp/digpro/target/surefire/surefirebooter2307764742178738560.jar /home/mutaz/source_code/eclipse/workspaces/sccp/digpro/target/surefire 2021-06-06T12-27-57_163-jvmRun1 surefire5318131374565326988tmp surefire_04374413699508156299tmp"/>
    <property name="jdk.debug" value="release"/>
    <property name="surefire.test.class.path" value="/home/mutaz/source_code/eclipse/workspaces/sccp/digpro/target/test-classes:/home/mutaz/source_code/eclipse/workspaces/sccp/digpro/target/classes:/opt/.m2/repository/org/springframework/boot/spring-boot-starter/2.0.6.RELEASE/spring-boot-starter-2.0.6.RELEASE.jar:/opt/.m2/repository/org/springframework/boot/spring-boot/2.0.6.RELEASE/spring-boot-2.0.6.RELEASE.jar:/opt/.m2/repository/org/springframework/spring-context/5.0.10.RELEASE/spring-context-5.0.10.RELEASE.jar:/opt/.m2/repository/org/springframework/spring-aop/5.0.10.RELEASE/spring-aop-5.0.10.RELEASE.jar:/opt/.m2/repository/org/springframework/spring-beans/5.0.10.RELEASE/spring-beans-5.0.10.RELEASE.jar:/opt/.m2/repository/org/springframework/spring-expression/5.0.10.RELEASE/spring-expression-5.0.10.RELEASE.jar:/opt/.m2/repository/org/springframework/boot/spring-boot-autoconfigure/2.0.6.RELEASE/spring-boot-autoconfigure-2.0.6.RELEASE.jar:/opt/.m2/repository/org/springframework/boot/spring-boot-starter-logging/2.0.6.RELEASE/spring-boot-starter-logging-2.0.6.RELEASE.jar:/opt/.m2/repository/ch/qos/logback/logback-classic/1.2.3/logback-classic-1.2.3.jar:/opt/.m2/repository/ch/qos/logback/logback-core/1.2.3/logback-core-1.2.3.jar:/opt/.m2/repository/org/apache/logging/log4j/log4j-to-slf4j/2.10.0/log4j-to-slf4j-2.10.0.jar:/opt/.m2/repository/org/apache/logging/log4j/log4j-api/2.10.0/log4j-api-2.10.0.jar:/opt/.m2/repository/org/slf4j/jul-to-slf4j/1.7.25/jul-to-slf4j-1.7.25.jar:/opt/.m2/repository/javax/annotation/javax.annotation-api/1.3.2/javax.annotation-api-1.3.2.jar:/opt/.m2/repository/org/springframework/spring-core/5.0.10.RELEASE/spring-core-5.0.10.RELEASE.jar:/opt/.m2/repository/org/springframework/spring-jcl/5.0.10.RELEASE/spring-jcl-5.0.10.RELEASE.jar:/opt/.m2/repository/org/yaml/snakeyaml/1.19/snakeyaml-1.19.jar:/opt/.m2/repository/org/springframework/boot/spring-boot-starter-test/2.0.6.RELEASE/spring-boot-starter-test-2.0.6.RELEASE.jar:/opt/.m2/repository/org/springframework/boot/spring-boot-test/2.0.6.RELEASE/spring-boot-test-2.0.6.RELEASE.jar:/opt/.m2/repository/org/springframework/boot/spring-boot-test-autoconfigure/2.0.6.RELEASE/spring-boot-test-autoconfigure-2.0.6.RELEASE.jar:/opt/.m2/repository/com/jayway/jsonpath/json-path/2.4.0/json-path-2.4.0.jar:/opt/.m2/repository/net/minidev/json-smart/2.3/json-smart-2.3.jar:/opt/.m2/repository/net/minidev/accessors-smart/1.2/accessors-smart-1.2.jar:/opt/.m2/repository/org/ow2/asm/asm/5.0.4/asm-5.0.4.jar:/opt/.m2/repository/org/slf4j/slf4j-api/1.7.25/slf4j-api-1.7.25.jar:/opt/.m2/repository/junit/junit/4.12/junit-4.12.jar:/opt/.m2/repository/org/assertj/assertj-core/3.9.1/assertj-core-3.9.1.jar:/opt/.m2/repository/org/hamcrest/hamcrest-core/1.3/hamcrest-core-1.3.jar:/opt/.m2/repository/org/hamcrest/hamcrest-library/1.3/hamcrest-library-1.3.jar:/opt/.m2/repository/org/skyscreamer/jsonassert/1.5.0/jsonassert-1.5.0.jar:/opt/.m2/repository/com/vaadin/external/google/android-json/0.0.20131108.vaadin1/android-json-0.0.20131108.vaadin1.jar:/opt/.m2/repository/org/springframework/spring-test/5.0.10.RELEASE/spring-test-5.0.10.RELEASE.jar:/opt/.m2/repository/org/xmlunit/xmlunit-core/2.5.1/xmlunit-core-2.5.1.jar:/opt/.m2/repository/org/springframework/boot/spring-boot-devtools/2.0.6.RELEASE/spring-boot-devtools-2.0.6.RELEASE.jar:/opt/.m2/repository/org/joinfaces/adminfaces-spring-boot-starter/3.2.6/adminfaces-spring-boot-starter-3.2.6.jar:/opt/.m2/repository/org/joinfaces/primefaces-spring-boot-starter/3.2.6/primefaces-spring-boot-starter-3.2.6.jar:/opt/.m2/repository/org/joinfaces/jsf-spring-boot-starter/3.2.6/jsf-spring-boot-starter-3.2.6.jar:/opt/.m2/repository/org/springframework/spring-web/5.0.10.RELEASE/spring-web-5.0.10.RELEASE.jar:/opt/.m2/repository/org/joinfaces/tomcat-spring-boot-starter/3.2.6/tomcat-spring-boot-starter-3.2.6.jar:/opt/.m2/repository/org/springframework/boot/spring-boot-starter-tomcat/2.0.6.RELEASE/spring-boot-starter-tomcat-2.0.6.RELEASE.jar:/opt/.m2/repository/org/apache/tomcat/embed/tomcat-embed-core/8.5.34/tomcat-embed-core-8.5.34.jar:/opt/.m2/repository/org/apache/tomcat/embed/tomcat-embed-el/8.5.34/tomcat-embed-el-8.5.34.jar:/opt/.m2/repository/org/apache/tomcat/embed/tomcat-embed-websocket/8.5.34/tomcat-embed-websocket-8.5.34.jar:/opt/.m2/repository/org/apache/tomcat/embed/tomcat-embed-jasper/8.5.34/tomcat-embed-jasper-8.5.34.jar:/opt/.m2/repository/org/eclipse/jdt/ecj/3.12.3/ecj-3.12.3.jar:/opt/.m2/repository/org/joinfaces/mojarra-spring-boot-starter/3.2.6/mojarra-spring-boot-starter-3.2.6.jar:/opt/.m2/repository/org/glassfish/javax.faces/2.3.4/javax.faces-2.3.4.jar:/opt/.m2/repository/org/joinfaces/joinfaces-autoconfigure/3.2.6/joinfaces-autoconfigure-3.2.6.jar:/opt/.m2/repository/org/joinfaces/spring-security-jsf-taglib/3.2.6/spring-security-jsf-taglib-3.2.6.jar:/opt/.m2/repository/org/springframework/security/spring-security-taglibs/5.0.9.RELEASE/spring-security-taglibs-5.0.9.RELEASE.jar:/opt/.m2/repository/org/reflections/reflections/0.9.11/reflections-0.9.11.jar:/opt/.m2/repository/com/google/guava/guava/20.0/guava-20.0.jar:/opt/.m2/repository/org/javassist/javassist/3.21.0-GA/javassist-3.21.0-GA.jar:/opt/.m2/repository/org/primefaces/primefaces/7.0/primefaces-7.0.jar:/opt/.m2/repository/org/primefaces/extensions/primefaces-extensions/6.2.9/primefaces-extensions-6.2.9.jar:/opt/.m2/repository/com/google/code/gson/gson/2.8.5/gson-2.8.5.jar:/opt/.m2/repository/org/apache/commons/commons-lang3/3.7/commons-lang3-3.7.jar:/opt/.m2/repository/org/primefaces/extensions/resources-ckeditor/6.2.9/resources-ckeditor-6.2.9.jar:/opt/.m2/repository/commons-io/commons-io/2.6/commons-io-2.6.jar:/opt/.m2/repository/org/joinfaces/omnifaces1-spring-boot-starter/3.2.6/omnifaces1-spring-boot-starter-3.2.6.jar:/opt/.m2/repository/org/omnifaces/omnifaces/1.14.1/omnifaces-1.14.1.jar:/opt/.m2/repository/com/github/adminfaces/admin-template/1.0.2/admin-template-1.0.2.jar:/opt/.m2/repository/com/github/adminfaces/admin-theme/1.0.2/admin-theme-1.0.2.jar:/opt/.m2/repository/org/hibernate/javax/persistence/hibernate-jpa-2.1-api/1.0.2.Final/hibernate-jpa-2.1-api-1.0.2.Final.jar:/opt/.m2/repository/javax/ejb/javax.ejb-api/3.2.2/javax.ejb-api-3.2.2.jar:/opt/.m2/repository/javax/transaction/javax.transaction-api/1.2/javax.transaction-api-1.2.jar:/opt/.m2/repository/javax/enterprise/cdi-api/2.0/cdi-api-2.0.jar:/opt/.m2/repository/javax/interceptor/javax.interceptor-api/1.2/javax.interceptor-api-1.2.jar:/opt/.m2/repository/javax/inject/javax.inject/1/javax.inject-1.jar:/opt/.m2/repository/jstl/jstl/1.2/jstl-1.2.jar:/opt/.m2/repository/com/squareup/okhttp3/okhttp/4.9.0/okhttp-4.9.0.jar:/opt/.m2/repository/com/squareup/okio/okio/2.8.0/okio-2.8.0.jar:/opt/.m2/repository/org/jetbrains/kotlin/kotlin-stdlib/1.3.70/kotlin-stdlib-1.3.70.jar:/opt/.m2/repository/org/jetbrains/kotlin/kotlin-stdlib-common/1.3.70/kotlin-stdlib-common-1.3.70.jar:/opt/.m2/repository/org/jetbrains/annotations/13.0/annotations-13.0.jar:/opt/.m2/repository/com/squareup/okhttp3/mockwebserver/4.9.0/mockwebserver-4.9.0.jar:/opt/.m2/repository/org/jetbrains/kotlin/kotlin-stdlib-jdk8/1.2.51/kotlin-stdlib-jdk8-1.2.51.jar:/opt/.m2/repository/org/jetbrains/kotlin/kotlin-stdlib-jdk7/1.2.51/kotlin-stdlib-jdk7-1.2.51.jar:/opt/.m2/repository/org/mockito/mockito-core/2.22.0/mockito-core-2.22.0.jar:/opt/.m2/repository/net/bytebuddy/byte-buddy/1.7.11/byte-buddy-1.7.11.jar:/opt/.m2/repository/net/bytebuddy/byte-buddy-agent/1.7.11/byte-buddy-agent-1.7.11.jar:/opt/.m2/repository/org/objenesis/objenesis/2.6/objenesis-2.6.jar:/opt/.m2/repository/javax/validation/validation-api/2.0.1.Final/validation-api-2.0.1.Final.jar:/opt/.m2/repository/javax/xml/bind/jaxb-api/2.3.0/jaxb-api-2.3.0.jar:/opt/.m2/repository/com/google/code/findbugs/annotations/3.0.1u2/annotations-3.0.1u2.jar:/opt/.m2/repository/net/jcip/jcip-annotations/1.0/jcip-annotations-1.0.jar:/opt/.m2/repository/com/google/code/findbugs/jsr305/3.0.1/jsr305-3.0.1.jar:"/>
    <property name="sun.cpu.endian" value="little"/>
    <property name="user.home" value="/home/mutaz"/>
    <property name="user.language" value="en"/>
    <property name="java.specification.vendor" value="Oracle Corporation"/>
    <property name="java.version.date" value="2020-10-20"/>
    <property name="java.home" value="/home/mutaz/programs/java/jdk-11.0.9+11"/>
    <property name="file.separator" value="/"/>
    <property name="basedir" value="/home/mutaz/source_code/eclipse/workspaces/sccp/digpro"/>
    <property name="java.vm.compressedOopsMode" value="32-bit"/>
    <property name="line.separator" value="&#10;"/>
    <property name="java.specification.name" value="Java Platform API Specification"/>
    <property name="java.vm.specification.vendor" value="Oracle Corporation"/>
    <property name="java.awt.graphicsenv" value="sun.awt.X11GraphicsEnvironment"/>
    <property name="surefire.real.class.path" value="/home/mutaz/source_code/eclipse/workspaces/sccp/digpro/target/surefire/surefirebooter2307764742178738560.jar"/>
    <property name="sun.management.compiler" value="HotSpot 64-Bit Tiered Compilers"/>
    <property name="java.runtime.version" value="11.0.9+11"/>
    <property name="user.name" value="mutaz"/>
    <property name="path.separator" value=":"/>
    <property name="os.version" value="3.19.0-28-generic"/>
    <property name="java.runtime.name" value="OpenJDK Runtime Environment"/>
    <property name="file.encoding" value="UTF-8"/>
    <property name="java.vm.name" value="OpenJDK 64-Bit Server VM"/>
    <property name="java.vendor.version" value="AdoptOpenJDK"/>
    <property name="localRepository" value="/opt/.m2/repository"/>
    <property name="java.vendor.url.bug" value="https://github.com/AdoptOpenJDK/openjdk-support/issues"/>
    <property name="java.io.tmpdir" value="/tmp"/>
    <property name="java.version" value="11.0.9"/>
    <property name="user.dir" value="/home/mutaz/source_code/eclipse/workspaces/sccp/digpro"/>
    <property name="os.arch" value="amd64"/>
    <property name="java.vm.specification.name" value="Java Virtual Machine Specification"/>
    <property name="java.awt.printerjob" value="sun.print.PSPrinterJob"/>
    <property name="sun.os.patch.level" value="unknown"/>
    <property name="java.library.path" value="/u01/app/oracle/product/11.2.0/xe/lib::/usr/java/packages/lib:/usr/lib64:/lib64:/lib:/usr/lib"/>
    <property name="java.vm.info" value="mixed mode"/>
    <property name="java.vendor" value="AdoptOpenJDK"/>
    <property name="java.vm.version" value="11.0.9+11"/>
    <property name="sun.io.unicode.encoding" value="UnicodeLittle"/>
    <property name="java.class.version" value="55.0"/>
  </properties>
  <testcase name="testFindByPatternNotContainString" classname="com.digpro.codetest.backend.util.SimpleParserImplTest" time="0.102"/>
  <testcase name="testFindByPatternContainString" classname="com.digpro.codetest.backend.util.SimpleParserImplTest" time="0"/>
  <testcase name="testFindByPatternWithTextParametrsIsNull" classname="com.digpro.codetest.backend.util.SimpleParserImplTest" time="0.008"/>
  <testcase name="testFindByPatternWithPatternParametrsIsNull" classname="com.digpro.codetest.backend.util.SimpleParserImplTest" time="0.001"/>
</testsuite>